<?xml version="1.0" encoding="UTF-8"?>
<!-- Generated by org.testng.reporters.JUnitReportReporter -->
<testsuite skipped="0" hostname="INLH104910" name="com.pomproject.testcases.Testcase1" tests="1" failures="0" timestamp="27 May 2020 15:06:31 GMT" time="20.658" errors="0">
  <testcase name="tc1" time="20.658" classname="com.pomproject.testcases.Testcase1"/>
</testsuite> <!-- com.pomproject.testcases.Testcase1 -->
